[0m[1mmodule.compute.aws_key_pair.sp-ag-jenkins-key: Refreshing state... [id=jenkins-key][0m
[0m[1mmodule.compute.aws_vpc.sp-ag-main: Refreshing state... [id=vpc-0665c13bd2f53bf93][0m
[0m[1mmodule.compute.aws_eip.sp-ag-nat: Refreshing state... [id=eipalloc-08278dc0860122352][0m
[0m[1mmodule.compute.aws_internet_gateway.sp-ag-igw: Refreshing state... [id=igw-0a864bb5534c2d47a][0m
[0m[1mmodule.compute.aws_subnet.sp-ag-public: Refreshing state... [id=subnet-049ac2f7bad183400][0m
[0m[1mmodule.compute.aws_subnet.sp-ag-private: Refreshing state... [id=subnet-06d12b820db142eab][0m
[0m[1mmodule.compute.aws_security_group.sp-ag-jenkins-sg: Refreshing state... [id=sg-0063d9716d0185d34][0m
[0m[1mmodule.compute.aws_route_table.sp-ag-public-rt: Refreshing state... [id=rtb-0e639b036f93a17de][0m
[0m[1mmodule.compute.aws_nat_gateway.sp-ag-nat: Refreshing state... [id=nat-0e3538079ba99fc9b][0m
[0m[1mmodule.compute.aws_instance.sp-ag-jenkins-worker: Refreshing state... [id=i-02c1ac0c6cd22afa3][0m
[0m[1mmodule.compute.aws_instance.sp-ag-jenkins-master: Refreshing state... [id=i-0083b4f9f4185c467][0m
[0m[1mmodule.compute.aws_route_table.sp-ag-private-rt: Refreshing state... [id=rtb-0479e3e1d357f7835][0m
[0m[1mmodule.compute.aws_route_table_association.sp-ag-public: Refreshing state... [id=rtbassoc-06f35504300f15dae][0m
[0m[1mmodule.compute.aws_route_table_association.sp-ag-private: Refreshing state... [id=rtbassoc-04f0dd453a17f0753][0m

Terraform used the selected providers to generate the following execution
plan. Resource actions are indicated with the following symbols:
  [31m-[0m destroy[0m

Terraform will perform the following actions:

[1m  # module.compute.aws_eip.sp-ag-nat[0m will be [1m[31mdestroyed[0m
[0m  [31m-[0m[0m resource "aws_eip" "sp-ag-nat" {
      [31m-[0m[0m allocation_id            = "eipalloc-08278dc0860122352" [90m-> null[0m[0m
      [31m-[0m[0m arn                      = "arn:aws:ec2:eu-central-1:708426825474:elastic-ip/eipalloc-08278dc0860122352" [90m-> null[0m[0m
      [31m-[0m[0m association_id           = "eipassoc-08062014ad90b4603" [90m-> null[0m[0m
      [31m-[0m[0m domain                   = "vpc" [90m-> null[0m[0m
      [31m-[0m[0m id                       = "eipalloc-08278dc0860122352" [90m-> null[0m[0m
      [31m-[0m[0m network_border_group     = "eu-central-1" [90m-> null[0m[0m
      [31m-[0m[0m network_interface        = "eni-0690542c5606d3ae3" [90m-> null[0m[0m
      [31m-[0m[0m private_dns              = "ip-10-0-1-241.eu-central-1.compute.internal" [90m-> null[0m[0m
      [31m-[0m[0m private_ip               = "10.0.1.241" [90m-> null[0m[0m
      [31m-[0m[0m public_dns               = "ec2-18-193-161-83.eu-central-1.compute.amazonaws.com" [90m-> null[0m[0m
      [31m-[0m[0m public_ip                = "18.193.161.83" [90m-> null[0m[0m
      [31m-[0m[0m public_ipv4_pool         = "amazon" [90m-> null[0m[0m
      [31m-[0m[0m tags                     = {
          [31m-[0m[0m "Name"  = "sp-ag-nat-eip"
          [31m-[0m[0m "Owner" = "sp3agrynov"
        } [90m-> null[0m[0m
      [31m-[0m[0m tags_all                 = {
          [31m-[0m[0m "Name"  = "sp-ag-nat-eip"
          [31m-[0m[0m "Owner" = "sp3agrynov"
        } [90m-> null[0m[0m
      [31m-[0m[0m vpc                      = true [90m-> null[0m[0m
        [90m# (5 unchanged attributes hidden)[0m[0m
    }

[1m  # module.compute.aws_instance.sp-ag-jenkins-master[0m will be [1m[31mdestroyed[0m
[0m  [31m-[0m[0m resource "aws_instance" "sp-ag-jenkins-master" {
      [31m-[0m[0m ami                                  = "ami-03250b0e01c28d196" [90m-> null[0m[0m
      [31m-[0m[0m arn                                  = "arn:aws:ec2:eu-central-1:708426825474:instance/i-0083b4f9f4185c467" [90m-> null[0m[0m
      [31m-[0m[0m associate_public_ip_address          = true [90m-> null[0m[0m
      [31m-[0m[0m availability_zone                    = "eu-central-1a" [90m-> null[0m[0m
      [31m-[0m[0m cpu_core_count                       = 1 [90m-> null[0m[0m
      [31m-[0m[0m cpu_threads_per_core                 = 1 [90m-> null[0m[0m
      [31m-[0m[0m disable_api_stop                     = false [90m-> null[0m[0m
      [31m-[0m[0m disable_api_termination              = false [90m-> null[0m[0m
      [31m-[0m[0m ebs_optimized                        = false [90m-> null[0m[0m
      [31m-[0m[0m get_password_data                    = false [90m-> null[0m[0m
      [31m-[0m[0m hibernation                          = false [90m-> null[0m[0m
      [31m-[0m[0m id                                   = "i-0083b4f9f4185c467" [90m-> null[0m[0m
      [31m-[0m[0m instance_initiated_shutdown_behavior = "stop" [90m-> null[0m[0m
      [31m-[0m[0m instance_state                       = "running" [90m-> null[0m[0m
      [31m-[0m[0m instance_type                        = "t2.micro" [90m-> null[0m[0m
      [31m-[0m[0m ipv6_address_count                   = 0 [90m-> null[0m[0m
      [31m-[0m[0m ipv6_addresses                       = [] [90m-> null[0m[0m
      [31m-[0m[0m key_name                             = "jenkins-key" [90m-> null[0m[0m
      [31m-[0m[0m monitoring                           = false [90m-> null[0m[0m
      [31m-[0m[0m placement_partition_number           = 0 [90m-> null[0m[0m
      [31m-[0m[0m primary_network_interface_id         = "eni-0253871a79504c120" [90m-> null[0m[0m
      [31m-[0m[0m private_dns                          = "ip-10-0-1-136.eu-central-1.compute.internal" [90m-> null[0m[0m
      [31m-[0m[0m private_ip                           = "10.0.1.136" [90m-> null[0m[0m
      [31m-[0m[0m public_dns                           = "ec2-54-93-244-148.eu-central-1.compute.amazonaws.com" [90m-> null[0m[0m
      [31m-[0m[0m public_ip                            = "54.93.244.148" [90m-> null[0m[0m
      [31m-[0m[0m secondary_private_ips                = [] [90m-> null[0m[0m
      [31m-[0m[0m security_groups                      = [] [90m-> null[0m[0m
      [31m-[0m[0m source_dest_check                    = true [90m-> null[0m[0m
      [31m-[0m[0m subnet_id                            = "subnet-049ac2f7bad183400" [90m-> null[0m[0m
      [31m-[0m[0m tags                                 = {
          [31m-[0m[0m "Name"  = "sp-ag-jenkins-master"
          [31m-[0m[0m "Owner" = "sp3agrynov"
        } [90m-> null[0m[0m
      [31m-[0m[0m tags_all                             = {
          [31m-[0m[0m "Name"  = "sp-ag-jenkins-master"
          [31m-[0m[0m "Owner" = "sp3agrynov"
        } [90m-> null[0m[0m
      [31m-[0m[0m tenancy                              = "default" [90m-> null[0m[0m
      [31m-[0m[0m user_data                            = "0093c322c6de035c5c900906234871f3598b4381" [90m-> null[0m[0m
      [31m-[0m[0m user_data_replace_on_change          = false [90m-> null[0m[0m
      [31m-[0m[0m vpc_security_group_ids               = [
          [31m-[0m[0m "sg-0063d9716d0185d34",
        ] [90m-> null[0m[0m
        [90m# (7 unchanged attributes hidden)[0m[0m

      [31m-[0m[0m capacity_reservation_specification {
          [31m-[0m[0m capacity_reservation_preference = "open" [90m-> null[0m[0m
        }

      [31m-[0m[0m cpu_options {
          [31m-[0m[0m core_count       = 1 [90m-> null[0m[0m
          [31m-[0m[0m threads_per_core = 1 [90m-> null[0m[0m
            [90m# (1 unchanged attribute hidden)[0m[0m
        }

      [31m-[0m[0m credit_specification {
          [31m-[0m[0m cpu_credits = "standard" [90m-> null[0m[0m
        }

      [31m-[0m[0m enclave_options {
          [31m-[0m[0m enabled = false [90m-> null[0m[0m
        }

      [31m-[0m[0m maintenance_options {
          [31m-[0m[0m auto_recovery = "default" [90m-> null[0m[0m
        }

      [31m-[0m[0m metadata_options {
          [31m-[0m[0m http_endpoint               = "enabled" [90m-> null[0m[0m
          [31m-[0m[0m http_protocol_ipv6          = "disabled" [90m-> null[0m[0m
          [31m-[0m[0m http_put_response_hop_limit = 2 [90m-> null[0m[0m
          [31m-[0m[0m http_tokens                 = "required" [90m-> null[0m[0m
          [31m-[0m[0m instance_metadata_tags      = "disabled" [90m-> null[0m[0m
        }

      [31m-[0m[0m private_dns_name_options {
          [31m-[0m[0m enable_resource_name_dns_a_record    = false [90m-> null[0m[0m
          [31m-[0m[0m enable_resource_name_dns_aaaa_record = false [90m-> null[0m[0m
          [31m-[0m[0m hostname_type                        = "ip-name" [90m-> null[0m[0m
        }

      [31m-[0m[0m root_block_device {
          [31m-[0m[0m delete_on_termination = true [90m-> null[0m[0m
          [31m-[0m[0m device_name           = "/dev/sda1" [90m-> null[0m[0m
          [31m-[0m[0m encrypted             = false [90m-> null[0m[0m
          [31m-[0m[0m iops                  = 3000 [90m-> null[0m[0m
          [31m-[0m[0m tags                  = {} [90m-> null[0m[0m
          [31m-[0m[0m tags_all              = {} [90m-> null[0m[0m
          [31m-[0m[0m throughput            = 125 [90m-> null[0m[0m
          [31m-[0m[0m volume_id             = "vol-0defad3c653c6607b" [90m-> null[0m[0m
          [31m-[0m[0m volume_size           = 8 [90m-> null[0m[0m
          [31m-[0m[0m volume_type           = "gp3" [90m-> null[0m[0m
            [90m# (1 unchanged attribute hidden)[0m[0m
        }
    }

[1m  # module.compute.aws_instance.sp-ag-jenkins-worker[0m will be [1m[31mdestroyed[0m
[0m  [31m-[0m[0m resource "aws_instance" "sp-ag-jenkins-worker" {
      [31m-[0m[0m ami                                  = "ami-03250b0e01c28d196" [90m-> null[0m[0m
      [31m-[0m[0m arn                                  = "arn:aws:ec2:eu-central-1:708426825474:instance/i-02c1ac0c6cd22afa3" [90m-> null[0m[0m
      [31m-[0m[0m associate_public_ip_address          = false [90m-> null[0m[0m
      [31m-[0m[0m availability_zone                    = "eu-central-1a" [90m-> null[0m[0m
      [31m-[0m[0m cpu_core_count                       = 1 [90m-> null[0m[0m
      [31m-[0m[0m cpu_threads_per_core                 = 1 [90m-> null[0m[0m
      [31m-[0m[0m disable_api_stop                     = false [90m-> null[0m[0m
      [31m-[0m[0m disable_api_termination              = false [90m-> null[0m[0m
      [31m-[0m[0m ebs_optimized                        = false [90m-> null[0m[0m
      [31m-[0m[0m get_password_data                    = false [90m-> null[0m[0m
      [31m-[0m[0m hibernation                          = false [90m-> null[0m[0m
      [31m-[0m[0m id                                   = "i-02c1ac0c6cd22afa3" [90m-> null[0m[0m
      [31m-[0m[0m instance_initiated_shutdown_behavior = "stop" [90m-> null[0m[0m
      [31m-[0m[0m instance_state                       = "running" [90m-> null[0m[0m
      [31m-[0m[0m instance_type                        = "t2.micro" [90m-> null[0m[0m
      [31m-[0m[0m ipv6_address_count                   = 0 [90m-> null[0m[0m
      [31m-[0m[0m ipv6_addresses                       = [] [90m-> null[0m[0m
      [31m-[0m[0m key_name                             = "jenkins-key" [90m-> null[0m[0m
      [31m-[0m[0m monitoring                           = false [90m-> null[0m[0m
      [31m-[0m[0m placement_partition_number           = 0 [90m-> null[0m[0m
      [31m-[0m[0m primary_network_interface_id         = "eni-0aecb5b21c0f1330c" [90m-> null[0m[0m
      [31m-[0m[0m private_dns                          = "ip-10-0-2-206.eu-central-1.compute.internal" [90m-> null[0m[0m
      [31m-[0m[0m private_ip                           = "10.0.2.206" [90m-> null[0m[0m
      [31m-[0m[0m secondary_private_ips                = [] [90m-> null[0m[0m
      [31m-[0m[0m security_groups                      = [] [90m-> null[0m[0m
      [31m-[0m[0m source_dest_check                    = true [90m-> null[0m[0m
      [31m-[0m[0m subnet_id                            = "subnet-06d12b820db142eab" [90m-> null[0m[0m
      [31m-[0m[0m tags                                 = {
          [31m-[0m[0m "Name"  = "sp-ag-jenkins-worker"
          [31m-[0m[0m "Owner" = "sp3agrynov"
        } [90m-> null[0m[0m
      [31m-[0m[0m tags_all                             = {
          [31m-[0m[0m "Name"  = "sp-ag-jenkins-worker"
          [31m-[0m[0m "Owner" = "sp3agrynov"
        } [90m-> null[0m[0m
      [31m-[0m[0m tenancy                              = "default" [90m-> null[0m[0m
      [31m-[0m[0m user_data                            = "c4124d6d593e94d0d2dda8897711a455f49df25a" [90m-> null[0m[0m
      [31m-[0m[0m user_data_replace_on_change          = false [90m-> null[0m[0m
      [31m-[0m[0m vpc_security_group_ids               = [
          [31m-[0m[0m "sg-0063d9716d0185d34",
        ] [90m-> null[0m[0m
        [90m# (9 unchanged attributes hidden)[0m[0m

      [31m-[0m[0m capacity_reservation_specification {
          [31m-[0m[0m capacity_reservation_preference = "open" [90m-> null[0m[0m
        }

      [31m-[0m[0m cpu_options {
          [31m-[0m[0m core_count       = 1 [90m-> null[0m[0m
          [31m-[0m[0m threads_per_core = 1 [90m-> null[0m[0m
            [90m# (1 unchanged attribute hidden)[0m[0m
        }

      [31m-[0m[0m credit_specification {
          [31m-[0m[0m cpu_credits = "standard" [90m-> null[0m[0m
        }

      [31m-[0m[0m enclave_options {
          [31m-[0m[0m enabled = false [90m-> null[0m[0m
        }

      [31m-[0m[0m maintenance_options {
          [31m-[0m[0m auto_recovery = "default" [90m-> null[0m[0m
        }

      [31m-[0m[0m metadata_options {
          [31m-[0m[0m http_endpoint               = "enabled" [90m-> null[0m[0m
          [31m-[0m[0m http_protocol_ipv6          = "disabled" [90m-> null[0m[0m
          [31m-[0m[0m http_put_response_hop_limit = 2 [90m-> null[0m[0m
          [31m-[0m[0m http_tokens                 = "required" [90m-> null[0m[0m
          [31m-[0m[0m instance_metadata_tags      = "disabled" [90m-> null[0m[0m
        }

      [31m-[0m[0m private_dns_name_options {
          [31m-[0m[0m enable_resource_name_dns_a_record    = false [90m-> null[0m[0m
          [31m-[0m[0m enable_resource_name_dns_aaaa_record = false [90m-> null[0m[0m
          [31m-[0m[0m hostname_type                        = "ip-name" [90m-> null[0m[0m
        }

      [31m-[0m[0m root_block_device {
          [31m-[0m[0m delete_on_termination = true [90m-> null[0m[0m
          [31m-[0m[0m device_name           = "/dev/sda1" [90m-> null[0m[0m
          [31m-[0m[0m encrypted             = false [90m-> null[0m[0m
          [31m-[0m[0m iops                  = 3000 [90m-> null[0m[0m
          [31m-[0m[0m tags                  = {} [90m-> null[0m[0m
          [31m-[0m[0m tags_all              = {} [90m-> null[0m[0m
          [31m-[0m[0m throughput            = 125 [90m-> null[0m[0m
          [31m-[0m[0m volume_id             = "vol-04286162162fadb8c" [90m-> null[0m[0m
          [31m-[0m[0m volume_size           = 8 [90m-> null[0m[0m
          [31m-[0m[0m volume_type           = "gp3" [90m-> null[0m[0m
            [90m# (1 unchanged attribute hidden)[0m[0m
        }
    }

[1m  # module.compute.aws_internet_gateway.sp-ag-igw[0m will be [1m[31mdestroyed[0m
[0m  [31m-[0m[0m resource "aws_internet_gateway" "sp-ag-igw" {
      [31m-[0m[0m arn      = "arn:aws:ec2:eu-central-1:708426825474:internet-gateway/igw-0a864bb5534c2d47a" [90m-> null[0m[0m
      [31m-[0m[0m id       = "igw-0a864bb5534c2d47a" [90m-> null[0m[0m
      [31m-[0m[0m owner_id = "708426825474" [90m-> null[0m[0m
      [31m-[0m[0m tags     = {
          [31m-[0m[0m "Name"  = "sp-ag-igw"
          [31m-[0m[0m "Owner" = "sp3agrynov"
        } [90m-> null[0m[0m
      [31m-[0m[0m tags_all = {
          [31m-[0m[0m "Name"  = "sp-ag-igw"
          [31m-[0m[0m "Owner" = "sp3agrynov"
        } [90m-> null[0m[0m
      [31m-[0m[0m vpc_id   = "vpc-0665c13bd2f53bf93" [90m-> null[0m[0m
    }

[1m  # module.compute.aws_key_pair.sp-ag-jenkins-key[0m will be [1m[31mdestroyed[0m
[0m  [31m-[0m[0m resource "aws_key_pair" "sp-ag-jenkins-key" {
      [31m-[0m[0m arn             = "arn:aws:ec2:eu-central-1:708426825474:key-pair/jenkins-key" [90m-> null[0m[0m
      [31m-[0m[0m fingerprint     = "FfXHh4uYIWn95ivWB4+CFwWZaYRfzotWrXGAjQpA/dg=" [90m-> null[0m[0m
      [31m-[0m[0m id              = "jenkins-key" [90m-> null[0m[0m
      [31m-[0m[0m key_name        = "jenkins-key" [90m-> null[0m[0m
      [31m-[0m[0m key_pair_id     = "key-0cbed15a261ff1e96" [90m-> null[0m[0m
      [31m-[0m[0m key_type        = "ed25519" [90m-> null[0m[0m
      [31m-[0m[0m public_key      = "ssh-ed25519 AAAAC3NzaC1lZDI1NTE5AAAAIPPpz5fSBEv56vyejq5P1syaizYzFoNY7GFi1AUMMz3c andrijgrinov@MB-AIR-AG.local" [90m-> null[0m[0m
      [31m-[0m[0m tags            = {} [90m-> null[0m[0m
      [31m-[0m[0m tags_all        = {} [90m-> null[0m[0m
        [90m# (1 unchanged attribute hidden)[0m[0m
    }

[1m  # module.compute.aws_nat_gateway.sp-ag-nat[0m will be [1m[31mdestroyed[0m
[0m  [31m-[0m[0m resource "aws_nat_gateway" "sp-ag-nat" {
      [31m-[0m[0m allocation_id                      = "eipalloc-08278dc0860122352" [90m-> null[0m[0m
      [31m-[0m[0m association_id                     = "eipassoc-08062014ad90b4603" [90m-> null[0m[0m
      [31m-[0m[0m connectivity_type                  = "public" [90m-> null[0m[0m
      [31m-[0m[0m id                                 = "nat-0e3538079ba99fc9b" [90m-> null[0m[0m
      [31m-[0m[0m network_interface_id               = "eni-0690542c5606d3ae3" [90m-> null[0m[0m
      [31m-[0m[0m private_ip                         = "10.0.1.241" [90m-> null[0m[0m
      [31m-[0m[0m public_ip                          = "18.193.161.83" [90m-> null[0m[0m
      [31m-[0m[0m secondary_allocation_ids           = [] [90m-> null[0m[0m
      [31m-[0m[0m secondary_private_ip_address_count = 0 [90m-> null[0m[0m
      [31m-[0m[0m secondary_private_ip_addresses     = [] [90m-> null[0m[0m
      [31m-[0m[0m subnet_id                          = "subnet-049ac2f7bad183400" [90m-> null[0m[0m
      [31m-[0m[0m tags                               = {
          [31m-[0m[0m "Name"  = "sp-ag-nat-gateway"
          [31m-[0m[0m "Owner" = "sp3agrynov"
        } [90m-> null[0m[0m
      [31m-[0m[0m tags_all                           = {
          [31m-[0m[0m "Name"  = "sp-ag-nat-gateway"
          [31m-[0m[0m "Owner" = "sp3agrynov"
        } [90m-> null[0m[0m
    }

[1m  # module.compute.aws_route_table.sp-ag-private-rt[0m will be [1m[31mdestroyed[0m
[0m  [31m-[0m[0m resource "aws_route_table" "sp-ag-private-rt" {
      [31m-[0m[0m arn              = "arn:aws:ec2:eu-central-1:708426825474:route-table/rtb-0479e3e1d357f7835" [90m-> null[0m[0m
      [31m-[0m[0m id               = "rtb-0479e3e1d357f7835" [90m-> null[0m[0m
      [31m-[0m[0m owner_id         = "708426825474" [90m-> null[0m[0m
      [31m-[0m[0m propagating_vgws = [] [90m-> null[0m[0m
      [31m-[0m[0m route            = [
          [31m-[0m[0m {
              [31m-[0m[0m cidr_block                 = "0.0.0.0/0"
              [31m-[0m[0m nat_gateway_id             = "nat-0e3538079ba99fc9b"
                [90m# (11 unchanged attributes hidden)[0m[0m
            },
        ] [90m-> null[0m[0m
      [31m-[0m[0m tags             = {
          [31m-[0m[0m "Name"  = "sp-ag-private-rt"
          [31m-[0m[0m "Owner" = "sp3agrynov"
        } [90m-> null[0m[0m
      [31m-[0m[0m tags_all         = {
          [31m-[0m[0m "Name"  = "sp-ag-private-rt"
          [31m-[0m[0m "Owner" = "sp3agrynov"
        } [90m-> null[0m[0m
      [31m-[0m[0m vpc_id           = "vpc-0665c13bd2f53bf93" [90m-> null[0m[0m
    }

[1m  # module.compute.aws_route_table.sp-ag-public-rt[0m will be [1m[31mdestroyed[0m
[0m  [31m-[0m[0m resource "aws_route_table" "sp-ag-public-rt" {
      [31m-[0m[0m arn              = "arn:aws:ec2:eu-central-1:708426825474:route-table/rtb-0e639b036f93a17de" [90m-> null[0m[0m
      [31m-[0m[0m id               = "rtb-0e639b036f93a17de" [90m-> null[0m[0m
      [31m-[0m[0m owner_id         = "708426825474" [90m-> null[0m[0m
      [31m-[0m[0m propagating_vgws = [] [90m-> null[0m[0m
      [31m-[0m[0m route            = [
          [31m-[0m[0m {
              [31m-[0m[0m cidr_block                 = "0.0.0.0/0"
              [31m-[0m[0m gateway_id                 = "igw-0a864bb5534c2d47a"
                [90m# (11 unchanged attributes hidden)[0m[0m
            },
        ] [90m-> null[0m[0m
      [31m-[0m[0m tags             = {
          [31m-[0m[0m "Name"  = "sp-ag-public-rt"
          [31m-[0m[0m "Owner" = "sp3agrynov"
        } [90m-> null[0m[0m
      [31m-[0m[0m tags_all         = {
          [31m-[0m[0m "Name"  = "sp-ag-public-rt"
          [31m-[0m[0m "Owner" = "sp3agrynov"
        } [90m-> null[0m[0m
      [31m-[0m[0m vpc_id           = "vpc-0665c13bd2f53bf93" [90m-> null[0m[0m
    }

[1m  # module.compute.aws_route_table_association.sp-ag-private[0m will be [1m[31mdestroyed[0m
[0m  [31m-[0m[0m resource "aws_route_table_association" "sp-ag-private" {
      [31m-[0m[0m id             = "rtbassoc-04f0dd453a17f0753" [90m-> null[0m[0m
      [31m-[0m[0m route_table_id = "rtb-0479e3e1d357f7835" [90m-> null[0m[0m
      [31m-[0m[0m subnet_id      = "subnet-06d12b820db142eab" [90m-> null[0m[0m
        [90m# (1 unchanged attribute hidden)[0m[0m
    }

[1m  # module.compute.aws_route_table_association.sp-ag-public[0m will be [1m[31mdestroyed[0m
[0m  [31m-[0m[0m resource "aws_route_table_association" "sp-ag-public" {
      [31m-[0m[0m id             = "rtbassoc-06f35504300f15dae" [90m-> null[0m[0m
      [31m-[0m[0m route_table_id = "rtb-0e639b036f93a17de" [90m-> null[0m[0m
      [31m-[0m[0m subnet_id      = "subnet-049ac2f7bad183400" [90m-> null[0m[0m
        [90m# (1 unchanged attribute hidden)[0m[0m
    }

[1m  # module.compute.aws_security_group.sp-ag-jenkins-sg[0m will be [1m[31mdestroyed[0m
[0m  [31m-[0m[0m resource "aws_security_group" "sp-ag-jenkins-sg" {
      [31m-[0m[0m arn                    = "arn:aws:ec2:eu-central-1:708426825474:security-group/sg-0063d9716d0185d34" [90m-> null[0m[0m
      [31m-[0m[0m description            = "Allow SSH and HTTP" [90m-> null[0m[0m
      [31m-[0m[0m egress                 = [
          [31m-[0m[0m {
              [31m-[0m[0m cidr_blocks      = [
                  [31m-[0m[0m "0.0.0.0/0",
                ]
              [31m-[0m[0m from_port        = 0
              [31m-[0m[0m ipv6_cidr_blocks = []
              [31m-[0m[0m prefix_list_ids  = []
              [31m-[0m[0m protocol         = "-1"
              [31m-[0m[0m security_groups  = []
              [31m-[0m[0m self             = false
              [31m-[0m[0m to_port          = 0
                [90m# (1 unchanged attribute hidden)[0m[0m
            },
        ] [90m-> null[0m[0m
      [31m-[0m[0m id                     = "sg-0063d9716d0185d34" [90m-> null[0m[0m
      [31m-[0m[0m ingress                = [
          [31m-[0m[0m {
              [31m-[0m[0m cidr_blocks      = [
                  [31m-[0m[0m "0.0.0.0/0",
                ]
              [31m-[0m[0m from_port        = 22
              [31m-[0m[0m ipv6_cidr_blocks = []
              [31m-[0m[0m prefix_list_ids  = []
              [31m-[0m[0m protocol         = "tcp"
              [31m-[0m[0m security_groups  = []
              [31m-[0m[0m self             = false
              [31m-[0m[0m to_port          = 22
                [90m# (1 unchanged attribute hidden)[0m[0m
            },
          [31m-[0m[0m {
              [31m-[0m[0m cidr_blocks      = [
                  [31m-[0m[0m "0.0.0.0/0",
                ]
              [31m-[0m[0m from_port        = 80
              [31m-[0m[0m ipv6_cidr_blocks = []
              [31m-[0m[0m prefix_list_ids  = []
              [31m-[0m[0m protocol         = "tcp"
              [31m-[0m[0m security_groups  = []
              [31m-[0m[0m self             = false
              [31m-[0m[0m to_port          = 80
                [90m# (1 unchanged attribute hidden)[0m[0m
            },
        ] [90m-> null[0m[0m
      [31m-[0m[0m name                   = "sp-ag-jenkins-sg" [90m-> null[0m[0m
      [31m-[0m[0m owner_id               = "708426825474" [90m-> null[0m[0m
      [31m-[0m[0m revoke_rules_on_delete = false [90m-> null[0m[0m
      [31m-[0m[0m tags                   = {
          [31m-[0m[0m "Name"  = "sp-ag-jenkins-sg"
          [31m-[0m[0m "Owner" = "sp3agrynov"
        } [90m-> null[0m[0m
      [31m-[0m[0m tags_all               = {
          [31m-[0m[0m "Name"  = "sp-ag-jenkins-sg"
          [31m-[0m[0m "Owner" = "sp3agrynov"
        } [90m-> null[0m[0m
      [31m-[0m[0m vpc_id                 = "vpc-0665c13bd2f53bf93" [90m-> null[0m[0m
        [90m# (1 unchanged attribute hidden)[0m[0m
    }

[1m  # module.compute.aws_subnet.sp-ag-private[0m will be [1m[31mdestroyed[0m
[0m  [31m-[0m[0m resource "aws_subnet" "sp-ag-private" {
      [31m-[0m[0m arn                                            = "arn:aws:ec2:eu-central-1:708426825474:subnet/subnet-06d12b820db142eab" [90m-> null[0m[0m
      [31m-[0m[0m assign_ipv6_address_on_creation                = false [90m-> null[0m[0m
      [31m-[0m[0m availability_zone                              = "eu-central-1a" [90m-> null[0m[0m
      [31m-[0m[0m availability_zone_id                           = "euc1-az2" [90m-> null[0m[0m
      [31m-[0m[0m cidr_block                                     = "10.0.2.0/24" [90m-> null[0m[0m
      [31m-[0m[0m enable_dns64                                   = false [90m-> null[0m[0m
      [31m-[0m[0m enable_lni_at_device_index                     = 0 [90m-> null[0m[0m
      [31m-[0m[0m enable_resource_name_dns_a_record_on_launch    = false [90m-> null[0m[0m
      [31m-[0m[0m enable_resource_name_dns_aaaa_record_on_launch = false [90m-> null[0m[0m
      [31m-[0m[0m id                                             = "subnet-06d12b820db142eab" [90m-> null[0m[0m
      [31m-[0m[0m ipv6_native                                    = false [90m-> null[0m[0m
      [31m-[0m[0m map_customer_owned_ip_on_launch                = false [90m-> null[0m[0m
      [31m-[0m[0m map_public_ip_on_launch                        = false [90m-> null[0m[0m
      [31m-[0m[0m owner_id                                       = "708426825474" [90m-> null[0m[0m
      [31m-[0m[0m private_dns_hostname_type_on_launch            = "ip-name" [90m-> null[0m[0m
      [31m-[0m[0m tags                                           = {
          [31m-[0m[0m "Name"  = "sp-ag-private-subnet"
          [31m-[0m[0m "Owner" = "sp3agrynov"
        } [90m-> null[0m[0m
      [31m-[0m[0m tags_all                                       = {
          [31m-[0m[0m "Name"  = "sp-ag-private-subnet"
          [31m-[0m[0m "Owner" = "sp3agrynov"
        } [90m-> null[0m[0m
      [31m-[0m[0m vpc_id                                         = "vpc-0665c13bd2f53bf93" [90m-> null[0m[0m
        [90m# (4 unchanged attributes hidden)[0m[0m
    }

[1m  # module.compute.aws_subnet.sp-ag-public[0m will be [1m[31mdestroyed[0m
[0m  [31m-[0m[0m resource "aws_subnet" "sp-ag-public" {
      [31m-[0m[0m arn                                            = "arn:aws:ec2:eu-central-1:708426825474:subnet/subnet-049ac2f7bad183400" [90m-> null[0m[0m
      [31m-[0m[0m assign_ipv6_address_on_creation                = false [90m-> null[0m[0m
      [31m-[0m[0m availability_zone                              = "eu-central-1a" [90m-> null[0m[0m
      [31m-[0m[0m availability_zone_id                           = "euc1-az2" [90m-> null[0m[0m
      [31m-[0m[0m cidr_block                                     = "10.0.1.0/24" [90m-> null[0m[0m
      [31m-[0m[0m enable_dns64                                   = false [90m-> null[0m[0m
      [31m-[0m[0m enable_lni_at_device_index                     = 0 [90m-> null[0m[0m
      [31m-[0m[0m enable_resource_name_dns_a_record_on_launch    = false [90m-> null[0m[0m
      [31m-[0m[0m enable_resource_name_dns_aaaa_record_on_launch = false [90m-> null[0m[0m
      [31m-[0m[0m id                                             = "subnet-049ac2f7bad183400" [90m-> null[0m[0m
      [31m-[0m[0m ipv6_native                                    = false [90m-> null[0m[0m
      [31m-[0m[0m map_customer_owned_ip_on_launch                = false [90m-> null[0m[0m
      [31m-[0m[0m map_public_ip_on_launch                        = true [90m-> null[0m[0m
      [31m-[0m[0m owner_id                                       = "708426825474" [90m-> null[0m[0m
      [31m-[0m[0m private_dns_hostname_type_on_launch            = "ip-name" [90m-> null[0m[0m
      [31m-[0m[0m tags                                           = {
          [31m-[0m[0m "Name"  = "sp-ag-public-subnet"
          [31m-[0m[0m "Owner" = "sp3agrynov"
        } [90m-> null[0m[0m
      [31m-[0m[0m tags_all                                       = {
          [31m-[0m[0m "Name"  = "sp-ag-public-subnet"
          [31m-[0m[0m "Owner" = "sp3agrynov"
        } [90m-> null[0m[0m
      [31m-[0m[0m vpc_id                                         = "vpc-0665c13bd2f53bf93" [90m-> null[0m[0m
        [90m# (4 unchanged attributes hidden)[0m[0m
    }

[1m  # module.compute.aws_vpc.sp-ag-main[0m will be [1m[31mdestroyed[0m
[0m  [31m-[0m[0m resource "aws_vpc" "sp-ag-main" {
      [31m-[0m[0m arn                                  = "arn:aws:ec2:eu-central-1:708426825474:vpc/vpc-0665c13bd2f53bf93" [90m-> null[0m[0m
      [31m-[0m[0m assign_generated_ipv6_cidr_block     = false [90m-> null[0m[0m
      [31m-[0m[0m cidr_block                           = "10.0.0.0/16" [90m-> null[0m[0m
      [31m-[0m[0m default_network_acl_id               = "acl-0b82626dd7966695b" [90m-> null[0m[0m
      [31m-[0m[0m default_route_table_id               = "rtb-0f25fb29d63ba7501" [90m-> null[0m[0m
      [31m-[0m[0m default_security_group_id            = "sg-0f5a4df50a059fae6" [90m-> null[0m[0m
      [31m-[0m[0m dhcp_options_id                      = "dopt-03c76c60a5df1cacd" [90m-> null[0m[0m
      [31m-[0m[0m enable_dns_hostnames                 = true [90m-> null[0m[0m
      [31m-[0m[0m enable_dns_support                   = true [90m-> null[0m[0m
      [31m-[0m[0m enable_network_address_usage_metrics = false [90m-> null[0m[0m
      [31m-[0m[0m id                                   = "vpc-0665c13bd2f53bf93" [90m-> null[0m[0m
      [31m-[0m[0m instance_tenancy                     = "default" [90m-> null[0m[0m
      [31m-[0m[0m ipv6_netmask_length                  = 0 [90m-> null[0m[0m
      [31m-[0m[0m main_route_table_id                  = "rtb-0f25fb29d63ba7501" [90m-> null[0m[0m
      [31m-[0m[0m owner_id                             = "708426825474" [90m-> null[0m[0m
      [31m-[0m[0m tags                                 = {
          [31m-[0m[0m "Name"  = "sp-ag-vpc"
          [31m-[0m[0m "Owner" = "sp3agrynov"
        } [90m-> null[0m[0m
      [31m-[0m[0m tags_all                             = {
          [31m-[0m[0m "Name"  = "sp-ag-vpc"
          [31m-[0m[0m "Owner" = "sp3agrynov"
        } [90m-> null[0m[0m
        [90m# (4 unchanged attributes hidden)[0m[0m
    }

[1mPlan:[0m 0 to add, 0 to change, 14 to destroy.
[0m
Changes to Outputs:
  [31m-[0m[0m sp-ag-jenkins_master_private_ip = "10.0.1.136" [90m-> null[0m[0m
  [31m-[0m[0m sp-ag-jenkins_master_public_ip  = "54.93.244.148" [90m-> null[0m[0m
  [31m-[0m[0m sp-ag-jenkins_worker_private_ip = "10.0.2.206" [90m-> null[0m[0m
[0m[1m
Do you really want to destroy all resources?[0m
  Terraform will destroy all your managed infrastructure, as shown above.
  There is no undo. Only 'yes' will be accepted to confirm.

  [1mEnter a value:[0m [0m
[0m[1mmodule.compute.aws_route_table_association.sp-ag-public: Destroying... [id=rtbassoc-06f35504300f15dae][0m[0m
[0m[1mmodule.compute.aws_route_table_association.sp-ag-private: Destroying... [id=rtbassoc-04f0dd453a17f0753][0m[0m
[0m[1mmodule.compute.aws_instance.sp-ag-jenkins-worker: Destroying... [id=i-02c1ac0c6cd22afa3][0m[0m
[0m[1mmodule.compute.aws_instance.sp-ag-jenkins-master: Destroying... [id=i-0083b4f9f4185c467][0m[0m
[0m[1mmodule.compute.aws_route_table_association.sp-ag-public: Destruction complete after 0s[0m
[0m[1mmodule.compute.aws_route_table.sp-ag-public-rt: Destroying... [id=rtb-0e639b036f93a17de][0m[0m
[0m[1mmodule.compute.aws_route_table_association.sp-ag-private: Destruction complete after 0s[0m
[0m[1mmodule.compute.aws_route_table.sp-ag-private-rt: Destroying... [id=rtb-0479e3e1d357f7835][0m[0m
[0m[1mmodule.compute.aws_route_table.sp-ag-public-rt: Destruction complete after 1s[0m
[0m[1mmodule.compute.aws_route_table.sp-ag-private-rt: Destruction complete after 1s[0m
[0m[1mmodule.compute.aws_nat_gateway.sp-ag-nat: Destroying... [id=nat-0e3538079ba99fc9b][0m[0m
[0m[1mmodule.compute.aws_instance.sp-ag-jenkins-master: Still destroying... [id=i-0083b4f9f4185c467, 10s elapsed][0m[0m
[0m[1mmodule.compute.aws_instance.sp-ag-jenkins-worker: Still destroying... [id=i-02c1ac0c6cd22afa3, 10s elapsed][0m[0m
[0m[1mmodule.compute.aws_nat_gateway.sp-ag-nat: Still destroying... [id=nat-0e3538079ba99fc9b, 10s elapsed][0m[0m
[0m[1mmodule.compute.aws_instance.sp-ag-jenkins-master: Still destroying... [id=i-0083b4f9f4185c467, 20s elapsed][0m[0m
[0m[1mmodule.compute.aws_instance.sp-ag-jenkins-worker: Still destroying... [id=i-02c1ac0c6cd22afa3, 20s elapsed][0m[0m
[0m[1mmodule.compute.aws_nat_gateway.sp-ag-nat: Still destroying... [id=nat-0e3538079ba99fc9b, 20s elapsed][0m[0m
[0m[1mmodule.compute.aws_instance.sp-ag-jenkins-master: Still destroying... [id=i-0083b4f9f4185c467, 30s elapsed][0m[0m
[0m[1mmodule.compute.aws_instance.sp-ag-jenkins-worker: Still destroying... [id=i-02c1ac0c6cd22afa3, 30s elapsed][0m[0m
[0m[1mmodule.compute.aws_instance.sp-ag-jenkins-worker: Destruction complete after 30s[0m
[0m[1mmodule.compute.aws_instance.sp-ag-jenkins-master: Destruction complete after 30s[0m
[0m[1mmodule.compute.aws_key_pair.sp-ag-jenkins-key: Destroying... [id=jenkins-key][0m[0m
[0m[1mmodule.compute.aws_subnet.sp-ag-private: Destroying... [id=subnet-06d12b820db142eab][0m[0m
[0m[1mmodule.compute.aws_security_group.sp-ag-jenkins-sg: Destroying... [id=sg-0063d9716d0185d34][0m[0m
[0m[1mmodule.compute.aws_key_pair.sp-ag-jenkins-key: Destruction complete after 0s[0m
[0m[1mmodule.compute.aws_nat_gateway.sp-ag-nat: Still destroying... [id=nat-0e3538079ba99fc9b, 30s elapsed][0m[0m
[0m[1mmodule.compute.aws_subnet.sp-ag-private: Destruction complete after 1s[0m
[0m[1mmodule.compute.aws_security_group.sp-ag-jenkins-sg: Destruction complete after 1s[0m
[0m[1mmodule.compute.aws_nat_gateway.sp-ag-nat: Still destroying... [id=nat-0e3538079ba99fc9b, 40s elapsed][0m[0m
[0m[1mmodule.compute.aws_nat_gateway.sp-ag-nat: Destruction complete after 40s[0m
[0m[1mmodule.compute.aws_internet_gateway.sp-ag-igw: Destroying... [id=igw-0a864bb5534c2d47a][0m[0m
[0m[1mmodule.compute.aws_eip.sp-ag-nat: Destroying... [id=eipalloc-08278dc0860122352][0m[0m
[0m[1mmodule.compute.aws_subnet.sp-ag-public: Destroying... [id=subnet-049ac2f7bad183400][0m[0m
[0m[1mmodule.compute.aws_internet_gateway.sp-ag-igw: Destruction complete after 1s[0m
[0m[1mmodule.compute.aws_subnet.sp-ag-public: Destruction complete after 1s[0m
[0m[1mmodule.compute.aws_vpc.sp-ag-main: Destroying... [id=vpc-0665c13bd2f53bf93][0m[0m
[0m[1mmodule.compute.aws_eip.sp-ag-nat: Destruction complete after 1s[0m
[0m[1mmodule.compute.aws_vpc.sp-ag-main: Destruction complete after 1s[0m
[0m[1m[32m
Destroy complete! Resources: 14 destroyed.
[0m