Active Internet connections (servers and established)
Proto Recv-Q Send-Q Local Address           Foreign Address         State      
tcp        0      0 0.0.0.0:http            0.0.0.0:*               LISTEN     
tcp        0      0 localhost:61209         0.0.0.0:*               LISTEN     
tcp        0      0 _localdnsproxy:domain   0.0.0.0:*               LISTEN     
tcp        0      0 _localdnsstub:domain    0.0.0.0:*               LISTEN     
tcp6       0      0 [::]:http               [::]:*                  LISTEN     
tcp6       0      0 [::]:ssh                [::]:*                  LISTEN     
tcp6       0     36 host:ssh                _gateway:64282          ESTABLISHED
udp        0      0 host:bootpc             0.0.0.0:*                          
udp        0      0 _localdnsproxy:domain   0.0.0.0:*                          
udp        0      0 _localdnsstub:domain    0.0.0.0:*                          
raw6       0      0 [::]:ipv6-icmp          [::]:*                  7          
Active UNIX domain sockets (servers and established)
Proto RefCnt Flags       Type       State         I-Node   Path
unix  3      [ ]         STREAM     CONNECTED     7169     /run/systemd/journal/stdout
unix  3      [ ]         STREAM     CONNECTED     6896     
unix  2      [ ]         DGRAM      CONNECTED     9470     
unix  3      [ ]         STREAM     CONNECTED     6884     
unix  2      [ ]         DGRAM                    10975    /run/user/1001/systemd/notify
unix  2      [ ACC ]     STREAM     LISTENING     10978    /run/user/1001/systemd/private
unix  3      [ ]         STREAM     CONNECTED     9483     
unix  2      [ ACC ]     STREAM     LISTENING     10987    /run/user/1001/bus
unix  2      [ ]         DGRAM      CONNECTED     5281     
unix  2      [ ACC ]     STREAM     LISTENING     10991    /run/user/1001/gnupg/S.dirmngr
unix  2      [ ACC ]     STREAM     LISTENING     10993    /run/user/1001/gnupg/S.gpg-agent.browser
unix  2      [ ACC ]     STREAM     LISTENING     10995    /run/user/1001/gnupg/S.gpg-agent.extra
unix  2      [ ACC ]     STREAM     LISTENING     11000    /run/user/1001/gnupg/S.gpg-agent
unix  2      [ ACC ]     STREAM     LISTENING     11002    /run/user/1001/gnupg/S.keyboxd
unix  2      [ ACC ]     STREAM     LISTENING     11004    /run/user/1001/pk-debconf-socket
unix  2      [ ACC ]     STREAM     LISTENING     11006    /run/user/1001/snapd-session-agent.socket
unix  2      [ ACC ]     STREAM     LISTENING     11045    /run/user/1001/gnupg/S.gpg-agent.ssh
unix  3      [ ]         STREAM     CONNECTED     8846     /run/systemd/journal/stdout
unix  3      [ ]         STREAM     CONNECTED     8877     /run/systemd/journal/stdout
unix  3      [ ]         STREAM     CONNECTED     8844     
unix  3      [ ]         STREAM     CONNECTED     8876     
unix  3      [ ]         STREAM     CONNECTED     9484     /run/dbus/system_bus_socket
unix  3      [ ]         STREAM     CONNECTED     9323     /run/systemd/journal/stdout
unix  3      [ ]         STREAM     CONNECTED     14543    
unix  2      [ ]         DGRAM      CONNECTED     5680     
unix  3      [ ]         DGRAM      CONNECTED     7328     
unix  2      [ ACC ]     STREAM     LISTENING     8133     /run/systemd/resolve/io.systemd.Resolve
unix  2      [ ACC ]     STREAM     LISTENING     8134     /run/systemd/resolve/io.systemd.Resolve.Monitor
unix  3      [ ]         STREAM     CONNECTED     14544    /run/systemd/journal/stdout
unix  3      [ ]         DGRAM      CONNECTED     7329     
unix  2      [ ]         DGRAM      CONNECTED     10953    
unix  3      [ ]         STREAM     CONNECTED     5673     
unix  2      [ ACC ]     STREAM     LISTENING     8789     /run/dbus/system_bus_socket
unix  2      [ ]         DGRAM      CONNECTED     7302     
unix  2      [ ACC ]     STREAM     LISTENING     8797     /run/lxd-installer.socket
unix  2      [ ACC ]     STREAM     LISTENING     8799     /run/snapd.socket
unix  2      [ ACC ]     STREAM     LISTENING     8801     /run/snapd-snap.socket
unix  3      [ ]         DGRAM      CONNECTED     5685     
unix  3      [ ]         STREAM     CONNECTED     10928    /run/systemd/journal/stdout
unix  2      [ ACC ]     STREAM     LISTENING     8806     /run/uuidd/request
unix  3      [ ]         STREAM     CONNECTED     5677     /run/systemd/journal/stdout
unix  2      [ ]         DGRAM      CONNECTED     10936    
unix  3      [ ]         STREAM     CONNECTED     7170     /run/systemd/journal/stdout
unix  3      [ ]         STREAM     CONNECTED     10925    
unix  3      [ ]         DGRAM      CONNECTED     5684     
unix  3      [ ]         DGRAM      CONNECTED     7326     
unix  2      [ ]         DGRAM      CONNECTED     10711    
unix  2      [ ]         DGRAM      CONNECTED     5132     
unix  2      [ ]         DGRAM      CONNECTED     7219     
unix  3      [ ]         DGRAM      CONNECTED     7327     
unix  3      [ ]         DGRAM      CONNECTED     4941     /run/systemd/notify
unix  2      [ ACC ]     STREAM     LISTENING     4944     /run/systemd/private
unix  3      [ ]         DGRAM      CONNECTED     10977    
unix  2      [ ACC ]     STREAM     LISTENING     4946     /run/systemd/userdb/io.systemd.DynamicUser
unix  3      [ ]         STREAM     CONNECTED     10983    /run/dbus/system_bus_socket
unix  2      [ ACC ]     STREAM     LISTENING     4947     /run/systemd/io.systemd.ManagedOOM
unix  3      [ ]         STREAM     CONNECTED     17941    
unix  2      [ ACC ]     STREAM     LISTENING     4963     /run/lvm/lvmpolld.socket
unix  2      [ ]         DGRAM                    4966     /run/systemd/journal/syslog
unix  2      [ ACC ]     STREAM     LISTENING     6144     /run/systemd/io.systemd.sysext
unix  2      [ ACC ]     STREAM     LISTENING     4968     /run/systemd/fsck.progress
unix  11     [ ]         DGRAM      CONNECTED     4970     /run/systemd/journal/dev-log
unix  9      [ ]         DGRAM      CONNECTED     4972     /run/systemd/journal/socket
unix  2      [ ACC ]     STREAM     LISTENING     4974     /run/systemd/journal/stdout
unix  2      [ ACC ]     SEQPACKET  LISTENING     4978     /run/udev/control
unix  3      [ ]         STREAM     CONNECTED     14881    
unix  3      [ ]         STREAM     CONNECTED     14882    
unix  3      [ ]         DGRAM      CONNECTED     10976    
unix  2      [ ACC ]     STREAM     LISTENING     5129     /run/systemd/journal/io.systemd.journal
unix  3      [ ]         STREAM     CONNECTED     9371     /run/dbus/system_bus_socket
unix  3      [ ]         STREAM     CONNECTED     9078     /run/dbus/system_bus_socket
unix  2      [ ]         DGRAM      CONNECTED     9377     
unix  2      [ ]         STREAM     CONNECTED     14714    
unix  3      [ ]         STREAM     CONNECTED     17725    
unix  3      [ ]         STREAM     CONNECTED     9109     /run/systemd/journal/stdout
unix  3      [ ]         STREAM     CONNECTED     9444     /run/systemd/journal/stdout
unix  3      [ ]         STREAM     CONNECTED     17483    /run/systemd/journal/stdout
unix  3      [ ]         STREAM     CONNECTED     17960    
unix  3      [ ]         STREAM     CONNECTED     9435     
unix  3      [ ]         STREAM     CONNECTED     9108     
unix  3      [ ]         STREAM     CONNECTED     9590     
unix  3      [ ]         STREAM     CONNECTED     9180     /run/dbus/system_bus_socket
unix  3      [ ]         STREAM     CONNECTED     17961    /run/dbus/system_bus_socket
unix  3      [ ]         STREAM     CONNECTED     8964     
unix  3      [ ]         DGRAM      CONNECTED     4943     
unix  2      [ ]         DGRAM      CONNECTED     9200     
unix  2      [ ]         DGRAM      CONNECTED     8963     
unix  3      [ ]         STREAM     CONNECTED     17943    /run/systemd/journal/stdout
unix  3      [ ]         DGRAM      CONNECTED     4942     
unix  2      [ ]         DGRAM      CONNECTED     17944    
unix  2      [ ]         DGRAM      CONNECTED     14770    
unix  3      [ ]         STREAM     CONNECTED     9083     /run/systemd/journal/stdout
unix  3      [ ]         STREAM     CONNECTED     9364     
unix  3      [ ]         STREAM     CONNECTED     17481    
unix  3      [ ]         STREAM     CONNECTED     9589     
unix  3      [ ]         STREAM     CONNECTED     17726    
unix  3      [ ]         STREAM     CONNECTED     9081     
unix  3      [ ]         STREAM     CONNECTED     8965     
unix  3      [ ]         STREAM     CONNECTED     10287    /run/systemd/journal/stdout
unix  3      [ ]         DGRAM      CONNECTED     7519     
unix  3      [ ]         DGRAM      CONNECTED     7520     
unix  3      [ ]         DGRAM      CONNECTED     7521     
unix  2      [ ]         DGRAM      CONNECTED     7439     
unix  3      [ ]         DGRAM      CONNECTED     7522     
unix  3      [ ]         STREAM     CONNECTED     10285    
unix  2      [ ]         DGRAM                    9152     
unix  3      [ ]         STREAM     CONNECTED     17585    
unix  3      [ ]         STREAM     CONNECTED     8968     /run/dbus/system_bus_socket
unix  3      [ ]         STREAM     CONNECTED     9225     /run/dbus/system_bus_socket
unix  3      [ ]         STREAM     CONNECTED     9584     
unix  3      [ ]         STREAM     CONNECTED     9438     /run/systemd/journal/stdout
unix  3      [ ]         STREAM     CONNECTED     5599     /run/systemd/journal/stdout
unix  3      [ ]         STREAM     CONNECTED     8969     /run/dbus/system_bus_socket
unix  3      [ ]         STREAM     CONNECTED     9585     /run/dbus/system_bus_socket
unix  3      [ ]         STREAM     CONNECTED     7168     /run/systemd/journal/stdout
unix  2      [ ]         DGRAM      CONNECTED     10299    
unix  3      [ ]         STREAM     CONNECTED     17586    /run/dbus/system_bus_socket
unix  3      [ ]         STREAM     CONNECTED     6894     
unix  3      [ ]         STREAM     CONNECTED     9322     
unix  3      [ ]         STREAM     CONNECTED     9177     
unix  3      [ ]         STREAM     CONNECTED     8967     /run/dbus/system_bus_socket
unix  2      [ ]         DGRAM      CONNECTED     9509     
unix  3      [ ]         STREAM     CONNECTED     5542     
unix  3      [ ]         STREAM     CONNECTED     9442     
unix  2      [ ACC ]     STREAM     LISTENING     4965     @/org/kernel/linux/storage/multipathd
unix  3      [ ]         STREAM     CONNECTED     10979    @eef7a5c8e0992a38/bus/systemd/bus-system
unix  3      [ ]         STREAM     CONNECTED     9224     @8692de352d8e3079/bus/systemd-logind/system
unix  3      [ ]         STREAM     CONNECTED     8794     @6b043256835197f3/bus/systemd-resolve/bus-api-resolve
unix  3      [ ]         STREAM     CONNECTED     9077     @7e68a6afe2a42b7b/bus/systemd/bus-api-system
unix  3      [ ]         STREAM     CONNECTED     8796     @f324774554fd7f0c/bus/systemd-network/bus-api-network
unix  3      [ ]         STREAM     CONNECTED     8793     @9ccd58d30a6d4d0f/bus/systemd-timesyn/bus-api-timesync
unix  2      [ ACC ]     STREAM     LISTENING     8795     @ISCSIADM_ABSTRACT_NAMESPACE
